{
  "stats": {
    "suites": 2,
    "tests": 2,
    "passes": 2,
    "pending": 0,
    "failures": 0,
    "start": "2026-05-04T14:22:42.237Z",
    "end": "2026-05-04T14:25:33.136Z",
    "duration": 170899,
    "testsRegistered": 2,
    "passPercent": 100,
    "pendingPercent": 0,
    "other": 0,
    "hasOther": false,
    "skipped": 0,
    "hasSkipped": false
  },
  "results": [
    {
      "uuid": "8092638b-8c56-413d-b3ed-33aceafdf3da",
      "title": "",
      "fullFile": "",
      "file": "",
      "beforeHooks": [],
      "afterHooks": [],
      "tests": [],
      "suites": [
        {
          "uuid": "a142971e-bbca-4e02-8315-88fcafeaf689",
          "title": "TC24: Cập nhật số lượng sản phẩm hợp lệ trong giỏ hàng",
          "fullFile": "D:\\Projects\\SoftwareTesting\\Juno_Testing\\tests\\tc24.js",
          "file": "\\tests\\tc24.js",
          "beforeHooks": [
            {
              "title": "\"before all\" hook in \"TC24: Cập nhật số lượng sản phẩm hợp lệ trong giỏ hàng\"",
              "fullTitle": "TC24: Cập nhật số lượng sản phẩm hợp lệ trong giỏ hàng \"before all\" hook in \"TC24: Cập nhật số lượng sản phẩm hợp lệ trong giỏ hàng\"",
              "timedOut": false,
              "duration": 721,
              "state": null,
              "speed": null,
              "pass": false,
              "fail": false,
              "pending": false,
              "context": "[\n  \"Tester: Đào Huỳnh Gia Hân - 81012302863\",\n  \"Requirement: FR11\",\n  \"Expected: Số lượng được cập nhật thành công, tổng tiền thay đổi.\",\n  \"Product URL: https://sales.juno.vn/products/giay-sandal-quai-manh-that-nut\"\n]",
              "code": "driver = await createChromeDriver();\naddTestMeta(this, `Tester: ${TESTER_NAME}`);\naddTestMeta(this, `Requirement: ${tc24Data.requirement}`);\naddTestMeta(this, `Expected: ${tc24Data.expected}`);\naddTestMeta(this, `Product URL: ${tc24Data.productUrl || tc24Data.url}`);",
              "err": {},
              "uuid": "747e9cda-0973-4a9c-8d9d-4b749d224f87",
              "parentUUID": "a142971e-bbca-4e02-8315-88fcafeaf689",
              "isHook": true,
              "skipped": false
            },
            {
              "title": "\"before each\" hook in \"TC24: Cập nhật số lượng sản phẩm hợp lệ trong giỏ hàng\"",
              "fullTitle": "TC24: Cập nhật số lượng sản phẩm hợp lệ trong giỏ hàng \"before each\" hook in \"TC24: Cập nhật số lượng sản phẩm hợp lệ trong giỏ hàng\"",
              "timedOut": false,
              "duration": 0,
              "state": null,
              "speed": null,
              "pass": false,
              "fail": false,
              "pending": false,
              "context": null,
              "code": "addTestMeta(this, `Tester: ${TESTER_NAME}`);\naddTestMeta(this, `Start Time: ${formatReportTime(new Date())}`);\naddTestMeta(this, 'Evidence: Screenshot after test execution.');",
              "err": {},
              "uuid": "ab9324a5-41cd-4573-a3b1-cd4bb999616a",
              "parentUUID": "a142971e-bbca-4e02-8315-88fcafeaf689",
              "isHook": true,
              "skipped": false
            }
          ],
          "afterHooks": [
            {
              "title": "\"after all\" hook in \"TC24: Cập nhật số lượng sản phẩm hợp lệ trong giỏ hàng\"",
              "fullTitle": "TC24: Cập nhật số lượng sản phẩm hợp lệ trong giỏ hàng \"after all\" hook in \"TC24: Cập nhật số lượng sản phẩm hợp lệ trong giỏ hàng\"",
              "timedOut": false,
              "duration": 242,
              "state": null,
              "speed": null,
              "pass": false,
              "fail": false,
              "pending": false,
              "context": null,
              "code": "if (driver) {\n  try {\n    await withTimeout(driver.quit(), 20000, 'Timeout khi đóng trình duyệt TC24');\n  } catch (error) {\n    // Bỏ qua lỗi đóng browser để không treo toàn bộ run.\n  } finally {\n    removeTempChromeProfile(driver);\n  }\n}",
              "err": {},
              "uuid": "f248656b-267b-4c79-9edd-c831bfdbe444",
              "parentUUID": "a142971e-bbca-4e02-8315-88fcafeaf689",
              "isHook": true,
              "skipped": false
            },
            {
              "title": "\"after each\" hook in \"TC24: Cập nhật số lượng sản phẩm hợp lệ trong giỏ hàng\"",
              "fullTitle": "TC24: Cập nhật số lượng sản phẩm hợp lệ trong giỏ hàng \"after each\" hook in \"TC24: Cập nhật số lượng sản phẩm hợp lệ trong giỏ hàng\"",
              "timedOut": false,
              "duration": 142,
              "state": null,
              "speed": null,
              "pass": false,
              "fail": false,
              "pending": false,
              "context": null,
              "code": "try {\n  await withTimeout(\n    captureScreen(driver, this, `${tc24Data.testcase}_${this.currentTest.title}`, this.currentTest.state),\n    20000,\n    'Timeout khi chụp screenshot TC24'\n  );\n} catch (error) {\n  // Không làm fail hook chỉ vì screenshot bị treo.\n}\naddTestMeta(this, `End Time: ${formatReportTime(new Date())}`);",
              "err": {},
              "uuid": "7df0b2c4-bc46-4e2f-ae21-d4afb34d4e7b",
              "parentUUID": "a142971e-bbca-4e02-8315-88fcafeaf689",
              "isHook": true,
              "skipped": false
            }
          ],
          "tests": [
            {
              "title": "Cập nhật số lượng hợp lệ và tổng tiền thay đổi đúng",
              "fullTitle": "TC24: Cập nhật số lượng sản phẩm hợp lệ trong giỏ hàng Cập nhật số lượng hợp lệ và tổng tiền thay đổi đúng",
              "timedOut": false,
              "duration": 23620,
              "state": "passed",
              "speed": "slow",
              "pass": true,
              "fail": false,
              "pending": false,
              "context": "[\n  \"Tester: Đào Huỳnh Gia Hân - 81012302863\",\n  \"Start Time: 21:23:50 04/05/2026\",\n  \"Evidence: Screenshot after test execution.\",\n  \"screenshots/TC24_Cap_nhat_so_luong_hop_le_va_tong_tien_thay__oi__ung_1777904654151_PASS.png\",\n  \"End Time: 21:24:14 04/05/2026\"\n]",
              "code": "await clearCart(driver);\nawait addProductToCart(driver, tc24Data.productUrl || tc24Data.url, LOCATORS);\nawait waitForCartStable(driver, LOCATORS);\n// Dùng locator fallback để tránh phụ thuộc vào XPath đầu tiên.\nconst { value: quantityBefore } = await findFirstDisplayedValue(driver, LOCATORS.quantityInputs, 10000);\nconst oldTotalText = await tryReadText(driver, LOCATORS.totalPrice);\nconst oldTotal = parseCurrency(oldTotalText);\nconst oldSummary = await getCartSummarySnapshot(driver);\nconst updatedInput = await updateQuantity(driver, LOCATORS, tc24Data.newQuantity);\nconst quantityAfter = updatedInput ? Number(await updatedInput.getAttribute('value')) || 0 : 0;\nawait driver.sleep(1800);\nconst newTotalText = await tryReadText(driver, LOCATORS.totalPrice);\nconst newTotal = parseCurrency(newTotalText);\nconst newSummary = await getCartSummarySnapshot(driver);\nvalidateTC24({\n  beforeQuantity: quantityBefore,\n  afterQuantity: quantityAfter,\n  expectedQuantity: tc24Data.newQuantity,\n  oldTotal,\n  newTotal,\n  oldSummaryText: oldSummary.summaryText,\n  newSummaryText: newSummary.summaryText\n});",
              "err": {},
              "uuid": "94877e12-d145-4753-bf71-bcc98481c229",
              "parentUUID": "a142971e-bbca-4e02-8315-88fcafeaf689",
              "isHook": false,
              "skipped": false
            }
          ],
          "suites": [],
          "passes": [
            "94877e12-d145-4753-bf71-bcc98481c229"
          ],
          "failures": [],
          "pending": [],
          "skipped": [],
          "duration": 23620,
          "root": false,
          "rootEmpty": false,
          "_timeout": 240000
        },
        {
          "uuid": "b061a66d-574e-4235-aaef-14b018bb5761",
          "title": "TC25: Không cho phép cập nhật số lượng bằng 0 trong giỏ hàng",
          "fullFile": "D:\\Projects\\SoftwareTesting\\Juno_Testing\\tests\\tc25.js",
          "file": "\\tests\\tc25.js",
          "beforeHooks": [
            {
              "title": "\"before all\" hook in \"TC25: Không cho phép cập nhật số lượng bằng 0 trong giỏ hàng\"",
              "fullTitle": "TC25: Không cho phép cập nhật số lượng bằng 0 trong giỏ hàng \"before all\" hook in \"TC25: Không cho phép cập nhật số lượng bằng 0 trong giỏ hàng\"",
              "timedOut": false,
              "duration": 674,
              "state": null,
              "speed": null,
              "pass": false,
              "fail": false,
              "pending": false,
              "context": "[\n  \"Tester: Đào Huỳnh Gia Hân - 81012302863\",\n  \"Requirement: FR11\",\n  \"Expected: Sản phẩm được cập nhật số lượng bị loại bỏ hoàn toàn khỏi danh sách hiển thị trong giỏ hàng.\",\n  \"Product URL: https://sales.juno.vn/products/giay-sandal-quai-manh-that-nut\"\n]",
              "code": "driver = await createChromeDriver();\naddTestMeta(this, `Tester: ${TESTER_NAME}`);\naddTestMeta(this, `Requirement: ${tc25Data.requirement}`);\naddTestMeta(this, `Expected: ${tc25Data.expected}`);\naddTestMeta(this, `Product URL: ${tc25Data.productUrl || tc25Data.url}`);",
              "err": {},
              "uuid": "bd2279ec-c563-45ac-8064-8fbb8f9f0be9",
              "parentUUID": "b061a66d-574e-4235-aaef-14b018bb5761",
              "isHook": true,
              "skipped": false
            },
            {
              "title": "\"before each\" hook in \"TC25: Không cho phép cập nhật số lượng bằng 0 trong giỏ hàng\"",
              "fullTitle": "TC25: Không cho phép cập nhật số lượng bằng 0 trong giỏ hàng \"before each\" hook in \"TC25: Không cho phép cập nhật số lượng bằng 0 trong giỏ hàng\"",
              "timedOut": false,
              "duration": 1,
              "state": null,
              "speed": null,
              "pass": false,
              "fail": false,
              "pending": false,
              "context": null,
              "code": "addTestMeta(this, `Tester: ${TESTER_NAME}`);\naddTestMeta(this, `Start Time: ${formatReportTime(new Date())}`);\naddTestMeta(this, 'Evidence: Screenshot after test execution.');",
              "err": {},
              "uuid": "cebe4d72-dae6-449d-9f72-2c9428ec68a3",
              "parentUUID": "b061a66d-574e-4235-aaef-14b018bb5761",
              "isHook": true,
              "skipped": false
            }
          ],
          "afterHooks": [
            {
              "title": "\"after all\" hook in \"TC25: Không cho phép cập nhật số lượng bằng 0 trong giỏ hàng\"",
              "fullTitle": "TC25: Không cho phép cập nhật số lượng bằng 0 trong giỏ hàng \"after all\" hook in \"TC25: Không cho phép cập nhật số lượng bằng 0 trong giỏ hàng\"",
              "timedOut": false,
              "duration": 275,
              "state": null,
              "speed": null,
              "pass": false,
              "fail": false,
              "pending": false,
              "context": null,
              "code": "if (driver) {\n  try {\n    await withTimeout(driver.quit(), 20000, 'Timeout khi đóng trình duyệt TC25');\n  } catch (error) {\n    // Bỏ qua lỗi đóng browser để không treo toàn bộ run.\n  } finally {\n    removeTempChromeProfile(driver);\n  }\n}",
              "err": {},
              "uuid": "b721623c-0471-4067-ac29-ef7e27adcbd1",
              "parentUUID": "b061a66d-574e-4235-aaef-14b018bb5761",
              "isHook": true,
              "skipped": false
            },
            {
              "title": "\"after each\" hook in \"TC25: Không cho phép cập nhật số lượng bằng 0 trong giỏ hàng\"",
              "fullTitle": "TC25: Không cho phép cập nhật số lượng bằng 0 trong giỏ hàng \"after each\" hook in \"TC25: Không cho phép cập nhật số lượng bằng 0 trong giỏ hàng\"",
              "timedOut": false,
              "duration": 152,
              "state": null,
              "speed": null,
              "pass": false,
              "fail": false,
              "pending": false,
              "context": null,
              "code": "try {\n  await withTimeout(\n    captureScreen(driver, this, `${tc25Data.testcase}_${this.currentTest.title}`, this.currentTest.state),\n    20000,\n    'Timeout khi chụp screenshot TC25'\n  );\n} catch (error) {\n  // Không làm fail hook chỉ vì screenshot bị treo.\n}\naddTestMeta(this, `End Time: ${formatReportTime(new Date())}`);",
              "err": {},
              "uuid": "8870a843-1608-4b03-91e7-4a4d57ae7afc",
              "parentUUID": "b061a66d-574e-4235-aaef-14b018bb5761",
              "isHook": true,
              "skipped": false
            }
          ],
          "tests": [
            {
              "title": "Giảm số lượng về 0 thì sản phẩm bị xóa khỏi giỏ",
              "fullTitle": "TC25: Không cho phép cập nhật số lượng bằng 0 trong giỏ hàng Giảm số lượng về 0 thì sản phẩm bị xóa khỏi giỏ",
              "timedOut": false,
              "duration": 77497,
              "state": "passed",
              "speed": "slow",
              "pass": true,
              "fail": false,
              "pending": false,
              "context": "[\n  \"Tester: Đào Huỳnh Gia Hân - 81012302863\",\n  \"Start Time: 21:24:15 04/05/2026\",\n  \"Evidence: Screenshot after test execution.\",\n  \"screenshots/TC25_Giam_so_luong_ve_0_thi_san_pham_bi_xoa_khoi_gio_1777904732709_PASS.png\",\n  \"End Time: 21:25:32 04/05/2026\"\n]",
              "code": "await clearCart(driver);\nawait addProductToCart(driver, tc25Data.productUrl || tc25Data.url, LOCATORS);\nawait waitForCartStable(driver, LOCATORS);\nawait updateQuantity(driver, LOCATORS, tc25Data.newQuantity);\nawait driver.sleep(2000);\nconst itemCountAfterUpdate = await getDisplayedCount(driver, LOCATORS.cartItems);\nconst quantityInputsAfterUpdate = await getDisplayedCount(driver, LOCATORS.quantityInputs);\nconst emptyMessage = await tryReadText(driver, LOCATORS.cartEmptyMessage);\nvalidateTC25({\n  itemCountAfterUpdate,\n  quantityInputsAfterUpdate,\n  emptyMessage\n});",
              "err": {},
              "uuid": "a1b8fd0f-a4fc-4fa2-9726-d3beb00b84f3",
              "parentUUID": "b061a66d-574e-4235-aaef-14b018bb5761",
              "isHook": false,
              "skipped": false
            }
          ],
          "suites": [],
          "passes": [
            "a1b8fd0f-a4fc-4fa2-9726-d3beb00b84f3"
          ],
          "failures": [],
          "pending": [],
          "skipped": [],
          "duration": 77497,
          "root": false,
          "rootEmpty": false,
          "_timeout": 240000
        }
      ],
      "passes": [],
      "failures": [],
      "pending": [],
      "skipped": [],
      "duration": 0,
      "root": true,
      "rootEmpty": true,
      "_timeout": 0
    }
  ],
  "meta": {
    "mocha": {
      "version": "11.7.5"
    },
    "mochawesome": {
      "options": {
        "quiet": false,
        "reportFilename": "mochawesome",
        "saveHtml": true,
        "saveJson": true,
        "consoleReporter": "spec",
        "useInlineDiffs": false,
        "code": true
      },
      "version": "7.1.4"
    },
    "marge": {
      "options": {
        "charts": "true"
      },
      "version": "6.3.2"
    }
  }
}